Arguments: 
  C:\Program Files\nodejs\node.exe C:\Users\Akew\AppData\Roaming\npm\node_modules\yarn\bin\yarn.js add @react-native-community/datetimepicker

PATH: 
  C:\Python310\Scripts\;C:\Python310\;C:\Oracle\dbhomeXE\bin;C:\Windows\system32;C:\Windows;C:\Windows\System32\Wbem;C:\Windows\System32\WindowsPowerShell\v1.0\;C:\Windows\System32\OpenSSH\;C:\Program Files (x86)\NVIDIA Corporation\PhysX\Common;C:\Python;C:\Python\Scripts;C:\Program Files\NVIDIA Corporation\NVIDIA NvDLISR;C:\Program Files\dotnet\;C:\Program Files\nodejs\;C:\ProgramData\chocolatey\bin;C:\Program Files\Git\cmd;C:\Users\Akew\AppData\Local\Microsoft\WindowsApps;C:\Users\Akew\AppData\Local\Programs\Microsoft VS Code\bin;C:\MinGW\bin;C:\Users\Akew\AppData\Roaming\npm

Yarn version: 
  1.22.18

Node version: 
  16.14.0

Platform: 
  win32 x64

Trace: 
  Error: EPERM: operation not permitted, unlink 'D:\Mercu\Semester 4\MOBILE PROGRAMMING\TB2\node_modules\bufferutil\prebuilds\win32-x64\node.napi.node'

npm manifest: 
  {
    "name": "tugas-besar",
    "version": "1.0.0",
    "main": "node_modules/expo/AppEntry.js",
    "scripts": {
      "start": "expo start",
      "android": "expo start --android",
      "ios": "expo start --ios",
      "web": "expo start --web",
      "eject": "expo eject"
    },
    "dependencies": {
      "@react-native-async-storage/async-storage": "~1.17.3",
      "@react-native-picker/picker": "2.4.0",
      "@react-navigation/material-bottom-tabs": "^6.2.1",
      "@react-navigation/material-top-tabs": "^6.2.1",
      "@react-navigation/native": "^6.0.10",
      "@react-navigation/native-stack": "^6.6.1",
      "@supabase/supabase-js": "^1.35.1",
      "expo": "^45.0.0",
      "expo-print": "~11.2.0",
      "expo-sharing": "~10.2.0",
      "expo-status-bar": "~1.3.0",
      "react": "17.0.2",
      "react-dom": "17.0.2",
      "react-native": "0.68.2",
      "react-native-date-picker": "^4.2.2",
      "react-native-datepicker": "^1.7.2",
      "react-native-paper": "^4.11.2",
      "react-native-safe-area-context": "4.2.4",
      "react-native-screens": "~3.11.1",
      "react-native-tab-view": "^3.1.1",
      "react-native-url-polyfill": "^1.3.0",
      "react-native-vector-icons": "^9.1.0",
      "react-native-web": "0.17.7",
      "@react-native-community/datetimepicker": "6.1.2"
    },
    "devDependencies": {
      "@babel/core": "^7.12.9"
    },
    "private": true
  }

yarn manifest: 
  No manifest

Lockfile: 
  No lockfile
